<?xml version="1.0" encoding="UTF-8"?>
<!-- Generated by org.testng.reporters.JUnitReportReporter -->
<testsuite hostname="LAPTOP-5KMFOFH9" failures="0" tests="1" name="com.MouseOperation_ActionsClass.SliderAction" time="5.245" errors="0" timestamp="2025-03-11T22:19:11 IST" skipped="0">
  <testcase classname="com.MouseOperation_ActionsClass.SliderAction" name="testSlider" time="5.245"/>
  <system-out/>
</testsuite> <!-- com.MouseOperation_ActionsClass.SliderAction -->
