<?xml version="1.0" encoding="UTF-8"?>
<!-- Generated by org.testng.reporters.JUnitReportReporter -->
<testsuite hostname="LAPTOP-5KMFOFH9" failures="0" tests="1" name="com.Capabilities.FileDownloadScenario" time="7.047" errors="0" timestamp="2025-03-17T21:08:00 IST" skipped="0">
  <testcase classname="com.Capabilities.FileDownloadScenario" name="testFileDownload" time="7.047"/>
  <system-out/>
</testsuite> <!-- com.Capabilities.FileDownloadScenario -->
