<?xml version="1.0" encoding="UTF-8"?>
<!-- Generated by org.testng.reporters.JUnitReportReporter -->
<testsuite hostname="LAPTOP-5KMFOFH9" failures="0" tests="1" name="com.WebElementAutomation.UsingTestNG.DrodpdownAutomation_Dynamic_Goibibo" time="8.616" errors="0" timestamp="2025-03-07T22:07:52 IST" skipped="0">
  <testcase classname="com.WebElementAutomation.UsingTestNG.DrodpdownAutomation_Dynamic_Goibibo" name="testDropdown" time="8.616"/>
  <system-out/>
</testsuite> <!-- com.WebElementAutomation.UsingTestNG.DrodpdownAutomation_Dynamic_Goibibo -->
