<?xml version="1.0" encoding="UTF-8"?>
<!-- Generated by org.testng.reporters.JUnitReportReporter -->
<testsuite hostname="LAPTOP-5KMFOFH9" failures="0" tests="6" name="com.WebTesting.SwagLab.TestCases.T1_LoginPage" time="2.485" errors="0" timestamp="2025-03-24T21:55:03 IST" skipped="0">
  <testcase classname="com.WebTesting.SwagLab.TestCases.T1_LoginPage" name="validateUrl" time="0.185"/>
  <system-out/>
  <testcase classname="com.WebTesting.SwagLab.TestCases.T1_LoginPage" name="validateUrl" time="0.034"/>
  <system-out/>
  <testcase classname="com.WebTesting.SwagLab.TestCases.T1_LoginPage" name="validateUrl" time="0.080"/>
  <system-out/>
  <testcase classname="com.WebTesting.SwagLab.TestCases.T1_LoginPage" name="validateLogin" time="0.717"/>
  <system-out/>
  <testcase classname="com.WebTesting.SwagLab.TestCases.T1_LoginPage" name="validateLogin" time="0.865"/>
  <system-out/>
  <testcase classname="com.WebTesting.SwagLab.TestCases.T1_LoginPage" name="validateLogin" time="0.604"/>
  <system-out/>
</testsuite> <!-- com.WebTesting.SwagLab.TestCases.T1_LoginPage -->
