<?xml version="1.0" encoding="UTF-8"?>
<!-- Generated by org.testng.reporters.JUnitReportReporter -->
<testsuite hostname="LAPTOP-5KMFOFH9" failures="0" tests="1" name="com.WebElementAutomation.UsingTestNG.ToOpenNewWindow_Tab" time="11.978" errors="0" timestamp="2025-03-10T21:24:11 IST" skipped="0">
  <testcase classname="com.WebElementAutomation.UsingTestNG.ToOpenNewWindow_Tab" name="testNewWindow_Tab" time="11.978"/>
  <system-out/>
</testsuite> <!-- com.WebElementAutomation.UsingTestNG.ToOpenNewWindow_Tab -->
