<?xml version="1.0" encoding="UTF-8"?>
<!-- Generated by org.testng.reporters.JUnitReportReporter -->
<testsuite hostname="LAPTOP-5KMFOFH9" failures="0" tests="1" name="com.WebElementAutomation.UsingTestNG.BasicAuthenticationAutomation" time="6.868" errors="0" timestamp="2025-03-10T22:15:15 IST" skipped="0">
  <testcase classname="com.WebElementAutomation.UsingTestNG.BasicAuthenticationAutomation" name="testBasicAuthentication" time="6.868"/>
  <system-out/>
</testsuite> <!-- com.WebElementAutomation.UsingTestNG.BasicAuthenticationAutomation -->
