<?xml version="1.0" encoding="UTF-8"?>
<!-- Generated by org.testng.reporters.JUnitReportReporter -->
<testsuite hostname="LAPTOP-5KMFOFH9" failures="0" tests="1" name="com.TestNG.DataPassing.DataPassingUsingxml" time="0.015" errors="0" timestamp="2025-03-20T22:26:25 IST" skipped="0">
  <testcase classname="com.TestNG.DataPassing.DataPassingUsingxml" name="loginTest" time="0.015"/>
  <system-out/>
</testsuite> <!-- com.TestNG.DataPassing.DataPassingUsingxml -->
