<?xml version="1.0" encoding="UTF-8"?>
<!-- Generated by org.testng.reporters.JUnitReportReporter -->
<testsuite hostname="LAPTOP-5KMFOFH9" failures="0" tests="1" name="com.TestNG.DataDrivenTesting.ExcelFileReadingTest" time="1.173" errors="0" timestamp="2025-03-21T22:06:32 IST" skipped="0">
  <testcase classname="com.TestNG.DataDrivenTesting.ExcelFileReadingTest" name="fileRead" time="1.173"/>
  <system-out/>
</testsuite> <!-- com.TestNG.DataDrivenTesting.ExcelFileReadingTest -->
