<?xml version="1.0" encoding="UTF-8"?>
<!-- Generated by org.testng.reporters.JUnitReportReporter -->
<testsuite hostname="LAPTOP-5KMFOFH9" failures="0" tests="5" name="com.TestNG.BasicScenario.TestDemo4_disableTestFromCurrentExecution" time="0.004" errors="0" timestamp="2025-03-18T21:06:26 IST" skipped="1">
  <testcase classname="com.TestNG.BasicScenario.TestDemo4_disableTestFromCurrentExecution" name="regiterTest" time="0.001"/>
  <system-out/>
  <testcase classname="com.TestNG.BasicScenario.TestDemo4_disableTestFromCurrentExecution" name="loginTest" time="0.000"/>
  <system-out/>
  <testcase classname="com.TestNG.BasicScenario.TestDemo4_disableTestFromCurrentExecution" name="searchProductTest" time="0.002"/>
  <system-out/>
  <testcase classname="com.TestNG.BasicScenario.TestDemo4_disableTestFromCurrentExecution" name="addTocartTest" time="0.001"/>
  <system-out/>
  <testcase classname="com.TestNG.BasicScenario.TestDemo4_disableTestFromCurrentExecution" name="logoutTest">
    <skipped/>
  </testcase> <!-- logoutTest -->
  <system-out/>
</testsuite> <!-- com.TestNG.BasicScenario.TestDemo4_disableTestFromCurrentExecution -->
