<?xml version="1.0" encoding="UTF-8"?>
<!-- Generated by org.testng.reporters.JUnitReportReporter -->
<testsuite hostname="LAPTOP-5KMFOFH9" failures="0" tests="1" name="com.SeleniumWaits.ExplicitWaitUsingFluentWaitClass" time="12.272" errors="0" timestamp="2025-03-13T22:34:19 IST" skipped="0">
  <testcase classname="com.SeleniumWaits.ExplicitWaitUsingFluentWaitClass" name="f" time="12.272"/>
  <system-out/>
</testsuite> <!-- com.SeleniumWaits.ExplicitWaitUsingFluentWaitClass -->
