<?xml version="1.0" encoding="UTF-8"?>
<!-- Generated by org.testng.reporters.JUnitReportReporter -->
<testsuite hostname="LAPTOP-5KMFOFH9" failures="0" tests="1" name="com.Capabilities.TestIncognitoBrowser" time="4.883" errors="0" timestamp="2025-03-17T20:58:44 IST" skipped="0">
  <testcase classname="com.Capabilities.TestIncognitoBrowser" name="testBrowser" time="4.883"/>
  <system-out/>
</testsuite> <!-- com.Capabilities.TestIncognitoBrowser -->
