<?xml version="1.0" encoding="UTF-8"?>
<!-- Generated by org.testng.reporters.JUnitReportReporter -->
<testsuite hostname="LAPTOP-5KMFOFH9" failures="0" tests="1" name="com.TestNG.DataPassing.HrmDataPassingUsingPropertiesFile" time="11.504" errors="0" timestamp="2025-03-21T20:58:16 IST" skipped="0">
  <testcase classname="com.TestNG.DataPassing.HrmDataPassingUsingPropertiesFile" name="testFile" time="11.504"/>
  <system-out/>
</testsuite> <!-- com.TestNG.DataPassing.HrmDataPassingUsingPropertiesFile -->
