<?xml version="1.0" encoding="UTF-8"?>
<!-- Generated by org.testng.reporters.JUnitReportReporter -->
<testsuite hostname="LAPTOP-5KMFOFH9" failures="0" tests="1" name="com.Capabilities.AllCapabilitiesForBrowser" time="3.321" errors="0" timestamp="2025-03-17T20:26:17 IST" skipped="0">
  <testcase classname="com.Capabilities.AllCapabilitiesForBrowser" name="testCapabilities" time="3.321"/>
  <system-out/>
</testsuite> <!-- com.Capabilities.AllCapabilitiesForBrowser -->
