<?xml version="1.0" encoding="UTF-8"?>
<!-- Generated by org.testng.reporters.JUnitReportReporter -->
<testsuite hostname="LAPTOP-5KMFOFH9" failures="0" tests="1" name="com.WebElementAutomation.UsingTestNG.DropdownAutomation_Dynamic_RedBus" time="8.620" errors="0" timestamp="2025-03-07T22:06:04 IST" skipped="0">
  <testcase classname="com.WebElementAutomation.UsingTestNG.DropdownAutomation_Dynamic_RedBus" name="testDropdown" time="8.620"/>
  <system-out/>
</testsuite> <!-- com.WebElementAutomation.UsingTestNG.DropdownAutomation_Dynamic_RedBus -->
