<?xml version="1.0" encoding="UTF-8"?>
<!-- Generated by org.testng.reporters.JUnitReportReporter -->
<testsuite hostname="LAPTOP-5KMFOFH9" failures="0" tests="2" name="com.TestNG.Annotations.AnnotationRealUseCase" time="2.409" errors="0" timestamp="2025-03-18T22:31:32 IST" skipped="0">
  <testcase classname="com.TestNG.Annotations.AnnotationRealUseCase" name="tetsLogin" time="1.646"/>
  <system-out/>
  <testcase classname="com.TestNG.Annotations.AnnotationRealUseCase" name="testLogout" time="0.763"/>
  <system-out/>
</testsuite> <!-- com.TestNG.Annotations.AnnotationRealUseCase -->
