<?xml version="1.0" encoding="UTF-8"?>
<!-- Generated by org.testng.reporters.JUnitReportReporter -->
<testsuite hostname="LAPTOP-5KMFOFH9" failures="0" tests="4" name="com.TestNG.BasicScenario.TestDemo2_invocationCount" time="0.027" errors="0" timestamp="2025-03-17T22:26:29 IST" skipped="0">
  <testcase classname="com.TestNG.BasicScenario.TestDemo2_invocationCount" name="registerTest" time="0.018"/>
  <system-out/>
  <testcase classname="com.TestNG.BasicScenario.TestDemo2_invocationCount" name="loginTest" time="0.003"/>
  <system-out/>
  <testcase classname="com.TestNG.BasicScenario.TestDemo2_invocationCount" name="loginTest" time="0.002"/>
  <system-out/>
  <testcase classname="com.TestNG.BasicScenario.TestDemo2_invocationCount" name="loginTest" time="0.004"/>
  <system-out/>
</testsuite> <!-- com.TestNG.BasicScenario.TestDemo2_invocationCount -->
