<?xml version="1.0" encoding="UTF-8"?>
<!-- Generated by org.testng.reporters.JUnitReportReporter -->
<testsuite hostname="LAPTOP-5KMFOFH9" failures="0" tests="2" name="com.TestNG.PageObjectModelUsingPageFactory.LoginPageTestCase" time="1.092" errors="0" timestamp="2025-03-20T22:08:49 IST" skipped="0">
  <testcase classname="com.TestNG.PageObjectModelUsingPageFactory.LoginPageTestCase" name="validateTitle" time="0.026"/>
  <system-out/>
  <testcase classname="com.TestNG.PageObjectModelUsingPageFactory.LoginPageTestCase" name="validateLogin" time="1.066"/>
  <system-out/>
</testsuite> <!-- com.TestNG.PageObjectModelUsingPageFactory.LoginPageTestCase -->
