<?xml version="1.0" encoding="UTF-8"?>
<!-- Generated by org.testng.reporters.JUnitReportReporter -->
<testsuite hostname="LAPTOP-5KMFOFH9" failures="0" tests="4" name="com.TestNG.DataDrivenTesting.DataDrivenTestUsingArray" time="0.016" errors="0" timestamp="2025-03-21T21:23:09 IST" skipped="0">
  <testcase classname="com.TestNG.DataDrivenTesting.DataDrivenTestUsingArray" name="loginTest" time="0.012"/>
  <system-out/>
  <testcase classname="com.TestNG.DataDrivenTesting.DataDrivenTestUsingArray" name="loginTest" time="0.001"/>
  <system-out/>
  <testcase classname="com.TestNG.DataDrivenTesting.DataDrivenTestUsingArray" name="loginTest" time="0.000"/>
  <system-out/>
  <testcase classname="com.TestNG.DataDrivenTesting.DataDrivenTestUsingArray" name="loginTest" time="0.003"/>
  <system-out/>
</testsuite> <!-- com.TestNG.DataDrivenTesting.DataDrivenTestUsingArray -->
