<?xml version="1.0" encoding="UTF-8"?>
<!-- Generated by org.testng.reporters.JUnitReportReporter -->
<testsuite hostname="LAPTOP-5KMFOFH9" failures="0" tests="1" name="com.WebElementAutomation.UsingTestNG.AlertHandlingDemo1" time="7.293" errors="0" timestamp="2025-03-10T21:44:08 IST" skipped="0">
  <testcase classname="com.WebElementAutomation.UsingTestNG.AlertHandlingDemo1" name="testAlert" time="7.293"/>
  <system-out/>
</testsuite> <!-- com.WebElementAutomation.UsingTestNG.AlertHandlingDemo1 -->
