<?xml version="1.0" encoding="UTF-8"?>
<!-- Generated by org.testng.reporters.JUnitReportReporter -->
<testsuite hostname="LAPTOP-5KMFOFH9" failures="0" tests="4" name="com.TestNG.BasicScenario.TestDemo1_priority_description" time="0.016" errors="0" timestamp="2025-03-18T21:06:26 IST" skipped="0">
  <testcase classname="com.TestNG.BasicScenario.TestDemo1_priority_description" name="registerTest" time="0.012"/>
  <system-out/>
  <testcase classname="com.TestNG.BasicScenario.TestDemo1_priority_description" name="loginTest" time="0.001"/>
  <system-out/>
  <testcase classname="com.TestNG.BasicScenario.TestDemo1_priority_description" name="searchProductTest" time="0.002"/>
  <system-out/>
  <testcase classname="com.TestNG.BasicScenario.TestDemo1_priority_description" name="addToCartTest" time="0.001"/>
  <system-out/>
</testsuite> <!-- com.TestNG.BasicScenario.TestDemo1_priority_description -->
