<?xml version="1.0" encoding="UTF-8"?>
<!-- Generated by org.testng.reporters.JUnitReportReporter -->
<testsuite hostname="LAPTOP-5KMFOFH9" failures="0" tests="12" name="com.WebTesting.SwagLab.TestCases.T2_InventoryPage" time="3.260" errors="0" timestamp="2025-03-24T21:55:03 IST" skipped="0">
  <testcase classname="com.WebTesting.SwagLab.TestCases.T2_InventoryPage" name="verifyProductCount" time="0.073"/>
  <system-out/>
  <testcase classname="com.WebTesting.SwagLab.TestCases.T2_InventoryPage" name="verifyProductCount" time="0.056"/>
  <system-out/>
  <testcase classname="com.WebTesting.SwagLab.TestCases.T2_InventoryPage" name="verifyProductCount" time="0.015"/>
  <system-out/>
  <testcase classname="com.WebTesting.SwagLab.TestCases.T2_InventoryPage" name="verifyProductDetails" time="0.069"/>
  <system-out/>
  <testcase classname="com.WebTesting.SwagLab.TestCases.T2_InventoryPage" name="verifyProductDetails" time="0.147"/>
  <system-out/>
  <testcase classname="com.WebTesting.SwagLab.TestCases.T2_InventoryPage" name="verifyProductDetails" time="0.143"/>
  <system-out/>
  <testcase classname="com.WebTesting.SwagLab.TestCases.T2_InventoryPage" name="validateAddToCartFeature" time="0.514"/>
  <system-out/>
  <testcase classname="com.WebTesting.SwagLab.TestCases.T2_InventoryPage" name="validateAddToCartFeature" time="0.493"/>
  <system-out/>
  <testcase classname="com.WebTesting.SwagLab.TestCases.T2_InventoryPage" name="validateAddToCartFeature" time="0.887"/>
  <system-out/>
  <testcase classname="com.WebTesting.SwagLab.TestCases.T2_InventoryPage" name="verifyCartPageLaunch" time="0.455"/>
  <system-out/>
  <testcase classname="com.WebTesting.SwagLab.TestCases.T2_InventoryPage" name="verifyCartPageLaunch" time="0.230"/>
  <system-out/>
  <testcase classname="com.WebTesting.SwagLab.TestCases.T2_InventoryPage" name="verifyCartPageLaunch" time="0.178"/>
  <system-out/>
</testsuite> <!-- com.WebTesting.SwagLab.TestCases.T2_InventoryPage -->
