<?xml version="1.0" encoding="UTF-8"?>
<!-- Generated by org.testng.reporters.JUnitReportReporter -->
<testsuite hostname="LAPTOP-5KMFOFH9" failures="0" tests="4" name="com.WebTesting.SwagLab.TestCases.T2_InventoryPage" time="0.622" errors="0" timestamp="2025-03-25T21:05:41 IST" skipped="0">
  <testcase classname="com.WebTesting.SwagLab.TestCases.T2_InventoryPage" name="verifyProductCount" time="0.037"/>
  <system-out/>
  <testcase classname="com.WebTesting.SwagLab.TestCases.T2_InventoryPage" name="verifyProductDetails" time="0.130"/>
  <system-out/>
  <testcase classname="com.WebTesting.SwagLab.TestCases.T2_InventoryPage" name="validateAddToCartFeature" time="0.362"/>
  <system-out/>
  <testcase classname="com.WebTesting.SwagLab.TestCases.T2_InventoryPage" name="verifyCartPageLaunch" time="0.093"/>
  <system-out/>
</testsuite> <!-- com.WebTesting.SwagLab.TestCases.T2_InventoryPage -->
