<?xml version="1.0" encoding="UTF-8"?>
<!-- Generated by org.testng.reporters.JUnitReportReporter -->
<testsuite hostname="LAPTOP-5KMFOFH9" failures="0" tests="1" name="com.WebElementAutomation.UsingTestNG.NestedIFrameAutomation" time="11.408" errors="0" timestamp="2025-03-11T22:01:37 IST" skipped="0">
  <testcase classname="com.WebElementAutomation.UsingTestNG.NestedIFrameAutomation" name="testNestedIframes" time="11.408"/>
  <system-out/>
</testsuite> <!-- com.WebElementAutomation.UsingTestNG.NestedIFrameAutomation -->
