<?xml version="1.0" encoding="UTF-8"?>
<!-- Generated by org.testng.reporters.JUnitReportReporter -->
<testsuite hostname="LAPTOP-5KMFOFH9" failures="0" tests="1" name="com.TestNG.DataPassing.HrmDataPassing" time="10.913" errors="0" timestamp="2025-03-20T22:33:10 IST" skipped="0">
  <testcase classname="com.TestNG.DataPassing.HrmDataPassing" name="testLogin" time="10.913"/>
  <system-out/>
</testsuite> <!-- com.TestNG.DataPassing.HrmDataPassing -->
