<?xml version="1.0" encoding="UTF-8"?>
<!-- Generated by org.testng.reporters.JUnitReportReporter -->
<testsuite hostname="LAPTOP-5KMFOFH9" failures="0" tests="4" name="com.WebTesting.SwagLab.TestCases.T3_CartPage" time="8.695" errors="0" timestamp="2025-03-24T22:20:19 IST" skipped="0">
  <testcase classname="com.WebTesting.SwagLab.TestCases.T3_CartPage" name="verifyProductDescription" time="2.046"/>
  <system-out/>
  <testcase classname="com.WebTesting.SwagLab.TestCases.T3_CartPage" name="validateRemoveFeature" time="2.100"/>
  <system-out/>
  <testcase classname="com.WebTesting.SwagLab.TestCases.T3_CartPage" name="validateContinueShopping" time="2.452"/>
  <system-out/>
  <testcase classname="com.WebTesting.SwagLab.TestCases.T3_CartPage" name="validateCheckoutpageLaunch" time="2.097"/>
  <system-out/>
</testsuite> <!-- com.WebTesting.SwagLab.TestCases.T3_CartPage -->
