<?xml version="1.0" encoding="UTF-8"?>
<!-- Generated by org.testng.reporters.JUnitReportReporter -->
<testsuite hostname="LAPTOP-5KMFOFH9" failures="0" tests="4" name="com.WebTesting.SwagLab.TestCases.T3_CartPage" time="8.739" errors="0" timestamp="2025-03-25T21:05:41 IST" skipped="0">
  <testcase classname="com.WebTesting.SwagLab.TestCases.T3_CartPage" name="verifyProductDescription" time="0.035"/>
  <system-out/>
  <testcase classname="com.WebTesting.SwagLab.TestCases.T3_CartPage" name="validateRemoveFeature" time="2.118"/>
  <system-out/>
  <testcase classname="com.WebTesting.SwagLab.TestCases.T3_CartPage" name="validateContinueShopping" time="6.474"/>
  <system-out/>
  <testcase classname="com.WebTesting.SwagLab.TestCases.T3_CartPage" name="validateCheckoutpageLaunch" time="0.112"/>
  <system-out/>
</testsuite> <!-- com.WebTesting.SwagLab.TestCases.T3_CartPage -->
