<?xml version="1.0" encoding="UTF-8"?>
<!-- Generated by org.testng.reporters.JUnitReportReporter -->
<testsuite hostname="LAPTOP-5KMFOFH9" failures="0" tests="1" name="com.MouseOperation_ActionsClass.ResizeAction" time="5.445" errors="0" timestamp="2025-03-11T22:25:53 IST" skipped="0">
  <testcase classname="com.MouseOperation_ActionsClass.ResizeAction" name="testResize" time="5.445"/>
  <system-out/>
</testsuite> <!-- com.MouseOperation_ActionsClass.ResizeAction -->
