<?xml version="1.0" encoding="UTF-8"?>
<!-- Generated by org.testng.reporters.JUnitReportReporter -->
<testsuite hostname="LAPTOP-5KMFOFH9" failures="0" tests="1" name="com.SeleniumWaits.ExplicitWaitUsingWebDriverWaitClass" time="12.882" errors="0" timestamp="2025-03-13T22:28:48 IST" skipped="0">
  <testcase classname="com.SeleniumWaits.ExplicitWaitUsingWebDriverWaitClass" name="testWait" time="12.882"/>
  <system-out/>
</testsuite> <!-- com.SeleniumWaits.ExplicitWaitUsingWebDriverWaitClass -->
