<?xml version="1.0" encoding="UTF-8"?>
<!-- Generated by org.testng.reporters.JUnitReportReporter -->
<testsuite hostname="LAPTOP-5KMFOFH9" failures="0" tests="1" name="com.WebElementAutomation.UsingTestNG.StaticWebTableAutomation" time="5.346" errors="0" timestamp="2025-03-13T20:57:03 IST" skipped="0">
  <testcase classname="com.WebElementAutomation.UsingTestNG.StaticWebTableAutomation" name="testStaticWebTable" time="5.346"/>
  <system-out/>
</testsuite> <!-- com.WebElementAutomation.UsingTestNG.StaticWebTableAutomation -->
