<?xml version="1.0" encoding="UTF-8"?>
<!-- Generated by org.testng.reporters.JUnitReportReporter -->
<testsuite hostname="LAPTOP-5KMFOFH9" failures="0" tests="2" name="com.TestNG.PageObjectModelUsingByLocator.CRMLoginPageTest" time="1.136" errors="0" timestamp="2025-03-20T21:48:16 IST" skipped="0">
  <testcase classname="com.TestNG.PageObjectModelUsingByLocator.CRMLoginPageTest" name="validateUrl" time="0.022"/>
  <system-out/>
  <testcase classname="com.TestNG.PageObjectModelUsingByLocator.CRMLoginPageTest" name="validateLogin" time="1.114"/>
  <system-out/>
</testsuite> <!-- com.TestNG.PageObjectModelUsingByLocator.CRMLoginPageTest -->
