<?xml version="1.0" encoding="UTF-8"?>
<!-- Generated by org.testng.reporters.JUnitReportReporter -->
<testsuite hostname="LAPTOP-5KMFOFH9" failures="0" tests="1" name="com.WebElementAutomation.UsingTestNG.AlertHandlingDemo2_Types" time="13.024" errors="0" timestamp="2025-03-10T22:07:25 IST" skipped="0">
  <testcase classname="com.WebElementAutomation.UsingTestNG.AlertHandlingDemo2_Types" name="testAlerts" time="13.024"/>
  <system-out/>
</testsuite> <!-- com.WebElementAutomation.UsingTestNG.AlertHandlingDemo2_Types -->
