<?xml version="1.0" encoding="UTF-8"?>
<!-- Generated by org.testng.reporters.JUnitReportReporter -->
<testsuite hostname="LAPTOP-5KMFOFH9" failures="0" tests="2" name="com.WebElementAutomation.UsingTestNG.DropdownAutomation_Amazon" time="0.010" errors="0" timestamp="2025-03-07T20:23:34 IST" skipped="0">
  <testcase classname="com.WebElementAutomation.UsingTestNG.DropdownAutomation_Amazon" name="testCase1" time="0.009"/>
  <system-out/>
  <testcase classname="com.WebElementAutomation.UsingTestNG.DropdownAutomation_Amazon" name="testCase2" time="0.001"/>
  <system-out/>
</testsuite> <!-- com.WebElementAutomation.UsingTestNG.DropdownAutomation_Amazon -->
