<?xml version="1.0" encoding="UTF-8"?>
<!-- Generated by org.testng.reporters.JUnitReportReporter -->
<testsuite hostname="LAPTOP-5KMFOFH9" failures="0" tests="1" name="com.WebElementAutomation.UsingTestNG.DropdownAutomation_SelectBased_Facebook" time="10.091" errors="0" timestamp="2025-03-07T21:29:49 IST" skipped="0">
  <testcase classname="com.WebElementAutomation.UsingTestNG.DropdownAutomation_SelectBased_Facebook" name="testDropdown" time="10.091"/>
  <system-out/>
</testsuite> <!-- com.WebElementAutomation.UsingTestNG.DropdownAutomation_SelectBased_Facebook -->
