<?xml version="1.0" encoding="UTF-8"?>
<!-- Generated by org.testng.reporters.JUnitReportReporter -->
<testsuite hostname="LAPTOP-5KMFOFH9" failures="0" tests="3" name="com.TestNG.Annotations.AnnotationsBasics" time="0.015" errors="0" timestamp="2025-03-18T22:10:48 IST" skipped="0">
  <testcase classname="com.TestNG.Annotations.AnnotationsBasics" name="registerTest" time="0.009"/>
  <system-out/>
  <testcase classname="com.TestNG.Annotations.AnnotationsBasics" name="loginTest" time="0.002"/>
  <system-out/>
  <testcase classname="com.TestNG.Annotations.AnnotationsBasics" name="logoutTest" time="0.004"/>
  <system-out/>
</testsuite> <!-- com.TestNG.Annotations.AnnotationsBasics -->
