<?xml version="1.0" encoding="UTF-8"?>
<!-- Generated by org.testng.reporters.JUnitReportReporter -->
<testsuite hostname="LAPTOP-5KMFOFH9" failures="0" tests="1" name="com.TestNG.DataPassing.ReadingPropertiesFile" time="0.013" errors="0" timestamp="2025-03-21T20:43:24 IST" skipped="0">
  <testcase classname="com.TestNG.DataPassing.ReadingPropertiesFile" name="fileReading" time="0.013"/>
  <system-out/>
</testsuite> <!-- com.TestNG.DataPassing.ReadingPropertiesFile -->
