<?xml version="1.0" encoding="UTF-8"?>
<!-- Generated by org.testng.reporters.JUnitReportReporter -->
<testsuite hostname="LAPTOP-5KMFOFH9" failures="0" tests="1" name="com.MouseOperation_ActionsClass.ToolTipAutomation" time="6.511" errors="0" timestamp="2025-03-13T20:18:49 IST" skipped="0">
  <testcase classname="com.MouseOperation_ActionsClass.ToolTipAutomation" name="testToolTip" time="6.511"/>
  <system-out/>
</testsuite> <!-- com.MouseOperation_ActionsClass.ToolTipAutomation -->
