<?xml version="1.0" encoding="UTF-8"?>
<!-- Generated by org.testng.reporters.JUnitReportReporter -->
<testsuite hostname="LAPTOP-5KMFOFH9" failures="0" tests="1" name="com.MouseOperation_ActionsClass.DoubleClickAction" time="7.037" errors="0" timestamp="2025-03-11T21:11:43 IST" skipped="0">
  <testcase classname="com.MouseOperation_ActionsClass.DoubleClickAction" name="testDoubleClick" time="7.037"/>
  <system-out/>
</testsuite> <!-- com.MouseOperation_ActionsClass.DoubleClickAction -->
