<?xml version="1.0" encoding="UTF-8"?>
<!-- Generated by org.testng.reporters.JUnitReportReporter -->
<testsuite hostname="LAPTOP-5KMFOFH9" failures="0" tests="1" name="com.Capabilities.TestFileUploadUsingRobotclass" time="14.796" errors="0" timestamp="2025-03-17T21:40:12 IST" skipped="0">
  <testcase classname="com.Capabilities.TestFileUploadUsingRobotclass" name="testFileUpload" time="14.796"/>
  <system-out/>
</testsuite> <!-- com.Capabilities.TestFileUploadUsingRobotclass -->
