<?xml version="1.0" encoding="UTF-8"?>
<!-- Generated by org.testng.reporters.JUnitReportReporter -->
<testsuite hostname="LAPTOP-5KMFOFH9" failures="0" tests="1" name="com.TestNG.DataDrivenTesting.TestExcelReading" time="1.589" errors="0" timestamp="2025-03-24T20:24:44 IST" skipped="0">
  <testcase classname="com.TestNG.DataDrivenTesting.TestExcelReading" name="testFile" time="1.589"/>
  <system-out/>
</testsuite> <!-- com.TestNG.DataDrivenTesting.TestExcelReading -->
