<?xml version="1.0" encoding="UTF-8"?>
<!-- Generated by org.testng.reporters.JUnitReportReporter -->
<testsuite hostname="LAPTOP-5KMFOFH9" failures="0" tests="1" name="com.TestNG.Screenshots.ScreenshotDemo" time="14.687" errors="0" timestamp="2025-03-24T22:32:55 IST" skipped="0">
  <testcase classname="com.TestNG.Screenshots.ScreenshotDemo" name="testScreenshot" time="14.687"/>
  <system-out/>
</testsuite> <!-- com.TestNG.Screenshots.ScreenshotDemo -->
