<?xml version="1.0" encoding="UTF-8"?>
<!-- Generated by org.testng.reporters.JUnitReportReporter -->
<testsuite hostname="LAPTOP-5KMFOFH9" failures="0" tests="1" name="com.WebTesting.SwagLab.TestCases.T4_Checkout" time="0.428" errors="0" timestamp="2025-03-25T21:05:41 IST" skipped="0">
  <testcase classname="com.WebTesting.SwagLab.TestCases.T4_Checkout" name="validateCheckout" time="0.428"/>
  <system-out/>
</testsuite> <!-- com.WebTesting.SwagLab.TestCases.T4_Checkout -->
