<?xml version="1.0" encoding="UTF-8"?>
<!-- Generated by org.testng.reporters.JUnitReportReporter -->
<testsuite hostname="LAPTOP-5KMFOFH9" failures="0" tests="6" name="com.TestNG.Annotations.ClassA" time="0.014" errors="0" timestamp="2025-03-20T20:46:45 IST" skipped="0">
  <testcase classname="com.TestNG.Annotations.ClassA" name="testCaseA1" time="0.002"/>
  <system-out/>
  <testcase classname="com.TestNG.Annotations.ClassA" name="testCaseA1" time="0.001"/>
  <system-out/>
  <testcase classname="com.TestNG.Annotations.ClassA" name="testCaseA2" time="0.001"/>
  <system-out/>
  <testcase classname="com.TestNG.Annotations.ClassA" name="testCaseA2" time="0.001"/>
  <system-out/>
  <testcase classname="com.TestNG.Annotations.ClassA" name="testCaseA1" time="0.007"/>
  <system-out/>
  <testcase classname="com.TestNG.Annotations.ClassA" name="testCaseA2" time="0.002"/>
  <system-out/>
</testsuite> <!-- com.TestNG.Annotations.ClassA -->
