<?xml version="1.0" encoding="UTF-8"?>
<!-- Generated by org.testng.reporters.JUnitReportReporter -->
<testsuite hostname="LAPTOP-5KMFOFH9" failures="0" tests="1" name="com.Capabilities.TetsFileUploadUsingSendKeys" time="7.127" errors="0" timestamp="2025-03-17T21:21:57 IST" skipped="0">
  <testcase classname="com.Capabilities.TetsFileUploadUsingSendKeys" name="testFileUpload" time="7.127"/>
  <system-out/>
</testsuite> <!-- com.Capabilities.TetsFileUploadUsingSendKeys -->
