<?xml version="1.0" encoding="UTF-8"?>
<!-- Generated by org.testng.reporters.JUnitReportReporter -->
<testsuite hostname="LAPTOP-5KMFOFH9" failures="0" tests="2" name="com.TestNG.Annotations.HrmLogin_LogoutScenarioForAnnotation" time="5.675" errors="0" timestamp="2025-03-20T21:04:25 IST" skipped="0">
  <testcase classname="com.TestNG.Annotations.HrmLogin_LogoutScenarioForAnnotation" name="validateLogin" time="1.717"/>
  <system-out/>
  <testcase classname="com.TestNG.Annotations.HrmLogin_LogoutScenarioForAnnotation" name="validateLogout" time="3.958"/>
  <system-out/>
</testsuite> <!-- com.TestNG.Annotations.HrmLogin_LogoutScenarioForAnnotation -->
