<?xml version="1.0" encoding="UTF-8"?>
<!-- Generated by org.testng.reporters.JUnitReportReporter -->
<testsuite hostname="LAPTOP-5KMFOFH9" failures="0" tests="1" name="com.WebElementAutomation.UsingTestNG.SimpleIFrameAutomation" time="26.906" errors="0" timestamp="2025-03-11T21:32:51 IST" skipped="0">
  <testcase classname="com.WebElementAutomation.UsingTestNG.SimpleIFrameAutomation" name="testSingleFrame" time="26.906"/>
  <system-out/>
</testsuite> <!-- com.WebElementAutomation.UsingTestNG.SimpleIFrameAutomation -->
