<?xml version="1.0" encoding="UTF-8"?>
<!-- Generated by org.testng.reporters.JUnitReportReporter -->
<testsuite hostname="LAPTOP-5KMFOFH9" failures="0" tests="1" name="com.TestNG.BasicScenario.QueryOnRegister" time="5.738" errors="0" timestamp="2025-03-22T23:04:40 IST" skipped="0">
  <testcase classname="com.TestNG.BasicScenario.QueryOnRegister" name="f" time="5.738"/>
  <system-out/>
</testsuite> <!-- com.TestNG.BasicScenario.QueryOnRegister -->
