<?xml version="1.0" encoding="UTF-8"?>
<!-- Generated by org.testng.reporters.JUnitReportReporter -->
<testsuite hostname="LAPTOP-5KMFOFH9" failures="0" tests="2" name="com.WebTesting.SwagLab.TestCases.T1_LoginPage" time="0.825" errors="0" timestamp="2025-03-25T21:05:41 IST" skipped="0">
  <testcase classname="com.WebTesting.SwagLab.TestCases.T1_LoginPage" name="validateUrl" time="0.048"/>
  <system-out/>
  <testcase classname="com.WebTesting.SwagLab.TestCases.T1_LoginPage" name="validateLogin" time="0.777"/>
  <system-out/>
</testsuite> <!-- com.WebTesting.SwagLab.TestCases.T1_LoginPage -->
