<?xml version="1.0" encoding="UTF-8"?>
<!-- Generated by org.testng.reporters.JUnitReportReporter -->
<testsuite hostname="LAPTOP-5KMFOFH9" failures="0" tests="3" name="com.TestNG.BasicScenario.TestDemo5_Usingxmldisabletest" time="14.101" errors="0" timestamp="2025-03-18T21:06:26 IST" skipped="1">
  <testcase classname="com.TestNG.BasicScenario.TestDemo5_Usingxmldisabletest" name="chromeTest" time="7.047"/>
  <system-out/>
  <testcase classname="com.TestNG.BasicScenario.TestDemo5_Usingxmldisabletest" name="edgeTest" time="7.054"/>
  <system-out/>
  <testcase classname="com.TestNG.BasicScenario.TestDemo5_Usingxmldisabletest" name="firefoxTest">
    <skipped/>
  </testcase> <!-- firefoxTest -->
  <system-out/>
</testsuite> <!-- com.TestNG.BasicScenario.TestDemo5_Usingxmldisabletest -->
