<?xml version="1.0" encoding="UTF-8"?>
<!-- Generated by org.testng.reporters.JUnitReportReporter -->
<testsuite hostname="LAPTOP-5KMFOFH9" failures="0" tests="1" name="com.WebElementAutomation.UsingTestNG.DynamicWebTableAutomation" time="6.191" errors="0" timestamp="2025-03-13T21:27:50 IST" skipped="0">
  <testcase classname="com.WebElementAutomation.UsingTestNG.DynamicWebTableAutomation" name="testDynamicTable" time="6.191"/>
  <system-out/>
</testsuite> <!-- com.WebElementAutomation.UsingTestNG.DynamicWebTableAutomation -->
