<?xml version="1.0" encoding="UTF-8"?>
<!-- Generated by org.testng.reporters.JUnitReportReporter -->
<testsuite hostname="LAPTOP-5KMFOFH9" failures="0" tests="3" name="com.TestNG.ParallelTesting.TestDemo" time="27.766" errors="0" timestamp="2025-03-24T21:43:47 IST" skipped="0">
  <testcase classname="com.TestNG.ParallelTesting.TestDemo" name="edgeTest" time="7.684"/>
  <system-out/>
  <testcase classname="com.TestNG.ParallelTesting.TestDemo" name="firefoxTest" time="12.563"/>
  <system-out/>
  <testcase classname="com.TestNG.ParallelTesting.TestDemo" name="chromeTest" time="7.519"/>
  <system-out/>
</testsuite> <!-- com.TestNG.ParallelTesting.TestDemo -->
