<?xml version="1.0" encoding="UTF-8"?>
<!-- Generated by org.testng.reporters.JUnitReportReporter -->
<testsuite hostname="LAPTOP-5KMFOFH9" failures="0" tests="1" name="com.TestNG.Screenshots.FullPageScreenshotUsingashotAPI" time="12.869" errors="0" timestamp="2025-03-24T22:40:52 IST" skipped="0">
  <testcase classname="com.TestNG.Screenshots.FullPageScreenshotUsingashotAPI" name="testFullPageScreenshot" time="12.869"/>
  <system-out/>
</testsuite> <!-- com.TestNG.Screenshots.FullPageScreenshotUsingashotAPI -->
