<?xml version="1.0" encoding="UTF-8"?>
<!-- Generated by org.testng.reporters.JUnitReportReporter -->
<testsuite hostname="LAPTOP-5KMFOFH9" failures="0" tests="2" name="com.WebTesting.SwagLab.TestCases.T5_Overview" time="0.237" errors="0" timestamp="2025-03-25T21:05:41 IST" skipped="0">
  <testcase classname="com.WebTesting.SwagLab.TestCases.T5_Overview" name="varifySummary" time="0.056"/>
  <system-out/>
  <testcase classname="com.WebTesting.SwagLab.TestCases.T5_Overview" name="validateCompleteCheckOut" time="0.181"/>
  <system-out/>
</testsuite> <!-- com.WebTesting.SwagLab.TestCases.T5_Overview -->
