<?xml version="1.0" encoding="UTF-8"?>
<!-- Generated by org.testng.reporters.JUnitReportReporter -->
<testsuite hostname="LAPTOP-5KMFOFH9" failures="0" tests="1" name="com.TestNG.ParallelTesting.EdgeTest" time="10.351" errors="0" timestamp="2025-03-24T21:51:40 IST" skipped="0">
  <testcase classname="com.TestNG.ParallelTesting.EdgeTest" name="eTest" time="10.351"/>
  <system-out/>
</testsuite> <!-- com.TestNG.ParallelTesting.EdgeTest -->
