<?xml version="1.0" encoding="UTF-8"?>
<!-- Generated by org.testng.reporters.JUnitReportReporter -->
<testsuite hostname="LAPTOP-5KMFOFH9" failures="0" tests="1" name="com.TestNG.ParallelTesting.ChromeTest" time="6.024" errors="0" timestamp="2025-03-24T21:51:40 IST" skipped="0">
  <testcase classname="com.TestNG.ParallelTesting.ChromeTest" name="cTest" time="6.024"/>
  <system-out/>
</testsuite> <!-- com.TestNG.ParallelTesting.ChromeTest -->
