<?xml version="1.0" encoding="UTF-8"?>
<!-- Generated by org.testng.reporters.JUnitReportReporter -->
<testsuite hostname="LAPTOP-5KMFOFH9" failures="0" tests="2" name="com.WebTesting.SwagLab.TestCases.T1_LoginPage" time="0.790" errors="0" timestamp="2025-03-21T22:44:51 IST" skipped="0">
  <testcase classname="com.WebTesting.SwagLab.TestCases.T1_LoginPage" name="validateUrl" time="0.042"/>
  <system-out/>
  <testcase classname="com.WebTesting.SwagLab.TestCases.T1_LoginPage" name="validateLogin" time="0.748"/>
  <system-out/>
</testsuite> <!-- com.WebTesting.SwagLab.TestCases.T1_LoginPage -->
