<?xml version="1.0" encoding="UTF-8"?>
<!-- Generated by org.testng.reporters.JUnitReportReporter -->
<testsuite hostname="LAPTOP-5KMFOFH9" failures="0" tests="1" name="com.SeleniumWaits.DefaultWait" time="14.638" errors="0" timestamp="2025-03-13T21:53:09 IST" skipped="0">
  <testcase classname="com.SeleniumWaits.DefaultWait" name="testDefaultTime" time="14.638"/>
  <system-out/>
</testsuite> <!-- com.SeleniumWaits.DefaultWait -->
