<?xml version="1.0" encoding="UTF-8"?>
<!-- Generated by org.testng.reporters.JUnitReportReporter -->
<testsuite hostname="LAPTOP-5KMFOFH9" failures="0" tests="1" name="com.WebElementAutomation.UsingTestNG.Assignment10" time="12.416" errors="0" timestamp="2025-03-11T20:18:09 IST" skipped="0">
  <testcase classname="com.WebElementAutomation.UsingTestNG.Assignment10" name="testNewTabs" time="12.416"/>
  <system-out/>
</testsuite> <!-- com.WebElementAutomation.UsingTestNG.Assignment10 -->
